{"C:\\Users\\Ryan Nieves\\WebstormProjects\\is219HW1\\divide.js": {"path":"C:\\Users\\Ryan Nieves\\WebstormProjects\\is219HW1\\divide.js","statementMap":{"0":{"start":{"line":2,"column":4},"end":{"line":2,"column":17}},"1":{"start":{"line":4,"column":0},"end":{"line":4,"column":24}}},"fnMap":{"0":{"name":"divide","decl":{"start":{"line":1,"column":9},"end":{"line":1,"column":15}},"loc":{"start":{"line":1,"column":22},"end":{"line":3,"column":1}},"line":1}},"branchMap":{},"s":{"0":1,"1":1},"f":{"0":1},"b":{},"_coverageSchema":"1a1c01bbd47fc00a2c39e90264f33305004495a9","hash":"64353bbab40c3ce7874659c8bd2e7b66e3534199"}
,"C:\\Users\\Ryan Nieves\\WebstormProjects\\is219HW1\\multiply.js": {"path":"C:\\Users\\Ryan Nieves\\WebstormProjects\\is219HW1\\multiply.js","statementMap":{"0":{"start":{"line":2,"column":4},"end":{"line":2,"column":17}},"1":{"start":{"line":4,"column":0},"end":{"line":4,"column":26}}},"fnMap":{"0":{"name":"multiply","decl":{"start":{"line":1,"column":9},"end":{"line":1,"column":17}},"loc":{"start":{"line":1,"column":24},"end":{"line":3,"column":1}},"line":1}},"branchMap":{},"s":{"0":1,"1":1},"f":{"0":1},"b":{},"_coverageSchema":"1a1c01bbd47fc00a2c39e90264f33305004495a9","hash":"9e3e2d69b4da41efaac4ec922231ee00b93cbdd0"}
,"C:\\Users\\Ryan Nieves\\WebstormProjects\\is219HW1\\sqrt.js": {"path":"C:\\Users\\Ryan Nieves\\WebstormProjects\\is219HW1\\sqrt.js","statementMap":{"0":{"start":{"line":2,"column":4},"end":{"line":2,"column":24}},"1":{"start":{"line":4,"column":0},"end":{"line":4,"column":22}}},"fnMap":{"0":{"name":"sqrt","decl":{"start":{"line":1,"column":9},"end":{"line":1,"column":13}},"loc":{"start":{"line":1,"column":17},"end":{"line":3,"column":1}},"line":1}},"branchMap":{},"s":{"0":1,"1":1},"f":{"0":1},"b":{},"_coverageSchema":"1a1c01bbd47fc00a2c39e90264f33305004495a9","hash":"3fb0780281fdeb571f40958e9e2dc31f02655656"}
,"C:\\Users\\Ryan Nieves\\WebstormProjects\\is219HW1\\square.js": {"path":"C:\\Users\\Ryan Nieves\\WebstormProjects\\is219HW1\\square.js","statementMap":{"0":{"start":{"line":2,"column":4},"end":{"line":2,"column":18}},"1":{"start":{"line":4,"column":0},"end":{"line":4,"column":24}}},"fnMap":{"0":{"name":"square","decl":{"start":{"line":1,"column":9},"end":{"line":1,"column":15}},"loc":{"start":{"line":1,"column":19},"end":{"line":3,"column":1}},"line":1}},"branchMap":{},"s":{"0":1,"1":1},"f":{"0":1},"b":{},"_coverageSchema":"1a1c01bbd47fc00a2c39e90264f33305004495a9","hash":"7f388525bf6c5dde21ea51bc249ce0b4748d8f18"}
,"C:\\Users\\Ryan Nieves\\WebstormProjects\\is219HW1\\subtract.js": {"path":"C:\\Users\\Ryan Nieves\\WebstormProjects\\is219HW1\\subtract.js","statementMap":{"0":{"start":{"line":2,"column":4},"end":{"line":2,"column":17}},"1":{"start":{"line":4,"column":0},"end":{"line":4,"column":26}}},"fnMap":{"0":{"name":"subtract","decl":{"start":{"line":1,"column":9},"end":{"line":1,"column":17}},"loc":{"start":{"line":1,"column":24},"end":{"line":3,"column":1}},"line":1}},"branchMap":{},"s":{"0":1,"1":1},"f":{"0":1},"b":{},"_coverageSchema":"1a1c01bbd47fc00a2c39e90264f33305004495a9","hash":"2e5806f5fffddc85bd43ef356ab3bcbe6adfecba"}
,"C:\\Users\\Ryan Nieves\\WebstormProjects\\is219HW1\\sum.js": {"path":"C:\\Users\\Ryan Nieves\\WebstormProjects\\is219HW1\\sum.js","statementMap":{"0":{"start":{"line":2,"column":4},"end":{"line":2,"column":17}},"1":{"start":{"line":4,"column":0},"end":{"line":4,"column":21}}},"fnMap":{"0":{"name":"sum","decl":{"start":{"line":1,"column":9},"end":{"line":1,"column":12}},"loc":{"start":{"line":1,"column":19},"end":{"line":3,"column":1}},"line":1}},"branchMap":{},"s":{"0":1,"1":1},"f":{"0":1},"b":{},"_coverageSchema":"1a1c01bbd47fc00a2c39e90264f33305004495a9","hash":"549cd75b9061a2e641a8258f907191070398e87a"}
}
